

Microchip MPLAB XC8 Assembler V2.31 build 20201012212115 
                                                                                               Mon Mar 01 10:00:00 2021

Microchip MPLAB XC8 C Compiler v2.31 (Free license) build 20201012212115 Og1 
     1                           	processor	18F27Q43
     2                           	fnconf	rparam,??,?,0
     3                           	pagewidth 120
     4                           	opt	flic
     5                           	psect	cinit,global,reloc=2,class=CODE,delta=1
     6                           	psect	bssCOMRAM,global,class=COMRAM,space=1,delta=1,lowdata,noexec
     7                           	psect	cstackCOMRAM,global,class=COMRAM,space=1,delta=1,lowdata,noexec
     8                           	psect	text0,global,reloc=2,class=CODE,delta=1
     9                           	psect	text1,global,reloc=2,class=CODE,delta=1
    10                           	psect	text2,global,reloc=2,class=CODE,delta=1
    11                           	psect	text3,global,reloc=2,class=CODE,delta=1
    12                           	psect	text4,global,reloc=2,class=CODE,delta=1
    13                           	psect	text5,global,reloc=2,class=CODE,delta=1
    14                           	psect	text6,global,reloc=2,class=CODE,delta=1
    15                           	psect	intsave_regs,global,class=BIGRAM,space=1,delta=1,noexec
    16                           	psect	rparam,global,class=COMRAM,space=1,delta=1,noexec
    17                           	psect	idloc,global,abs,ovrld,class=IDLOC,space=5,delta=1,noexec
    18                           	psect	config,global,abs,ovrld,class=CONFIG,space=4,delta=1,noexec
    19  0000                     
    20                           ; Version 2.30
    21                           ; Generated 20/08/2020 GMT
    22                           ; 
    23                           ; Copyright © 2020, Microchip Technology Inc. and its subsidiaries ("Microchip")
    24                           ; All rights reserved.
    25                           ; 
    26                           ; This software is developed by Microchip Technology Inc. and its subsidiaries ("Microch
      +                          ip").
    27                           ; 
    28                           ; Redistribution and use in source and binary forms, with or without modification, are
    29                           ; permitted provided that the following conditions are met:
    30                           ; 
    31                           ;     1. Redistributions of source code must retain the above copyright notice, this lis
      +                          t of
    32                           ;        conditions and the following disclaimer.
    33                           ; 
    34                           ;     2. Redistributions in binary form must reproduce the above copyright notice, this 
      +                          list
    35                           ;        of conditions and the following disclaimer in the documentation and/or other
    36                           ;        materials provided with the distribution. Publication is not required when
    37                           ;        this file is used in an embedded application.
    38                           ; 
    39                           ;     3. Microchip's name may not be used to endorse or promote products derived from th
      +                          is
    40                           ;        software without specific prior written permission.
    41                           ; 
    42                           ; THIS SOFTWARE IS PROVIDED BY MICROCHIP "AS IS" AND ANY EXPRESS OR IMPLIED WARRANTIES,
    43                           ; INCLUDING, BUT NOT LIMITED TO, THE IMPLIED WARRANTIES OF MERCHANTABILITY AND FITNESS F
      +                          OR
    44                           ; PURPOSE ARE DISCLAIMED.  IN NO EVENT SHALL MICROCHIP BE LIABLE FOR ANY DIRECT, INDIREC
      +                          T,
    45                           ; INCIDENTAL, SPECIAL, EXEMPLARY, OR CONSEQUENTIAL DAMAGES (INCLUDING BUT NOT LIMITED TO
    46                           ; PROCUREMENT OF SUBSTITUTE GOODS OR SERVICES; LOSS OF USE, DATA OR PROFITS; OR BUSINESS
    47                           ; INTERRUPTION) HOWSOEVER CAUSED AND ON ANY THEORY OF LIABILITY, WHETHER IN CONTRACT, ST
      +                          RICT
    48                           ; LIABILITY, OR TORT (INCLUDING NEGLIGENCE OR OTHERWISE) ARISING IN ANY WAY OUT OF THE U
      +                          SE OF
    49                           ; THIS SOFTWARE, EVEN IF ADVISED OF THE POSSIBILITY OF SUCH DAMAGE.
    50                           ; 
    51                           ; 
    52                           ; Code-generator required, PIC18F27Q43 Definitions
    53                           ; 
    54                           ; SFR Addresses
    55  0000                     _ANSELB	set	1032
    56  0000                     _ANSELA	set	1024
    57  0000                     _PORTB	set	1231
    58  0000                     _TRISB	set	1223
    59  0000                     _TRISA	set	1222
    60  0000                     _LATA	set	1214
    61                           
    62                           ; #config settings
    63                           
    64                           	psect	cinit
    65  01FF52                     __pcinit:
    66                           	callstack 0
    67  01FF52                     start_initialization:
    68                           	callstack 0
    69  01FF52                     __initialization:
    70                           	callstack 0
    71                           
    72                           ; Clear objects allocated to COMRAM (17 bytes)
    73  01FF52  EE01  F101         	lfsr	0,__pbssCOMRAM
    74  01FF56  0E11               	movlw	17
    75  01FF58                     clear_0:
    76  01FF58  6AEE               	clrf	postinc0,c
    77  01FF5A  06E8               	decf	wreg,f,c
    78  01FF5C  E1FD               	bnz	clear_0
    79  01FF5E                     end_of_initialization:
    80                           	callstack 0
    81  01FF5E                     __end_of__initialization:
    82                           	callstack 0
    83  01FF5E  0100               	movlb	0
    84  01FF60  EFD1  F0FF         	goto	_main	;jump to C main() function
    85                           
    86                           	psect	bssCOMRAM
    87  000501                     __pbssCOMRAM:
    88                           	callstack 0
    89  000501                     UserAppRun@u32counter:
    90                           	callstack 0
    91  000501                     	ds	4
    92  000505                     _G_u32SystemFlags:
    93                           	callstack 0
    94  000505                     	ds	4
    95  000509                     _G_u32SystemTime1s:
    96                           	callstack 0
    97  000509                     	ds	4
    98  00050D                     _G_u32SystemTime1ms:
    99                           	callstack 0
   100  00050D                     	ds	4
   101  000511                     _G_u8UserAppFlags:
   102                           	callstack 0
   103  000511                     	ds	1
   104                           
   105                           	psect	cstackCOMRAM
   106  000000                     __pcstackCOMRAM:
   107                           	callstack 0
   108  000000                     
   109                           ; 1 bytes @ 0x0
   110 ;;
   111 ;;Main: autosize = 0, tempsize = 0, incstack = 0, save=0
   112 ;;
   113 ;; *************** function _main *****************
   114 ;; Defined at:
   115 ;;		line 35 in file "main.c"
   116 ;; Parameters:    Size  Location     Type
   117 ;;		None
   118 ;; Auto vars:     Size  Location     Type
   119 ;;		None
   120 ;; Return value:  Size  Location     Type
   121 ;;                  1    wreg      void 
   122 ;; Registers used:
   123 ;;		wreg, status,2, status,0, cstack
   124 ;; Tracked objects:
   125 ;;		On entry : 0/0
   126 ;;		On exit  : 0/0
   127 ;;		Unchanged: 0/0
   128 ;; Data sizes:     COMRAM   BANK5   BANK6   BANK7   BANK8   BANK9  BANK10  BANK11  BANK12  BANK13  BANK14  BANK15  BANK1
      +6  BANK17  BANK18  BANK19  BANK20  BANK21  BANK22  BANK23  BANK24  BANK25  BANK26  BANK27  BANK28  BANK29  BANK30  BANK3
      +1  BANK32  BANK33  BANK34  BANK35  BANK36  BANK37
   129 ;;      Params:         0       0       0       0       0       0       0       0       0       0       0       0       
      +0       0       0       0       0       0       0       0       0       0       0       0       0       0       0       
      +0       0       0       0       0       0       0
   130 ;;      Locals:         0       0       0       0       0       0       0       0       0       0       0       0       
      +0       0       0       0       0       0       0       0       0       0       0       0       0       0       0       
      +0       0       0       0       0       0       0
   131 ;;      Temps:          0       0       0       0       0       0       0       0       0       0       0       0       
      +0       0       0       0       0       0       0       0       0       0       0       0       0       0       0       
      +0       0       0       0       0       0       0
   132 ;;      Totals:         0       0       0       0       0       0       0       0       0       0       0       0       
      +0       0       0       0       0       0       0       0       0       0       0       0       0       0       0       
      +0       0       0       0       0       0       0
   133 ;;Total ram usage:        0 bytes
   134 ;; Hardware stack levels required when called:    1
   135 ;; This function calls:
   136 ;;		_ClockSetup
   137 ;;		_GpioSetup
   138 ;;		_SysTickSetup
   139 ;;		_SystemSleep
   140 ;;		_UserAppInitialize
   141 ;;		_UserAppRun
   142 ;; This function is called by:
   143 ;;		Startup code after reset
   144 ;; This function uses a non-reentrant model
   145 ;;
   146                           
   147                           	psect	text0
   148  01FFA2                     __ptext0:
   149                           	callstack 0
   150  01FFA2                     _main:
   151                           	callstack 127
   152  01FFA2                     
   153                           ;main.c: 37:   G_u32SystemFlags |= (u32)0x80000000;
   154  01FFA2  8E08               	bsf	(_G_u32SystemFlags+3)^(0+1280),7,c	;volatile
   155  01FFA4                     
   156                           ;main.c: 40:   ClockSetup();
   157  01FFA4  ECA6  F0FF         	call	_ClockSetup	;wreg free
   158  01FFA8                     
   159                           ;main.c: 41:   SysTickSetup();
   160  01FFA8  ECC0  F0FF         	call	_SysTickSetup	;wreg free
   161  01FFAC                     
   162                           ;main.c: 42:   GpioSetup();
   163  01FFAC  ECB2  F0FF         	call	_GpioSetup	;wreg free
   164  01FFB0                     
   165                           ;main.c: 47:   UserAppInitialize();
   166  01FFB0  ECA8  F0FF         	call	_UserAppInitialize	;wreg free
   167  01FFB4                     l785:
   168                           
   169                           ;main.c: 53:   {;main.c: 57:     UserAppRun();
   170  01FFB4  ECE2  F0FF         	call	_UserAppRun	;wreg free
   171  01FFB8                     
   172                           ;main.c: 62:     SystemSleep();
   173  01FFB8  ECA7  F0FF         	call	_SystemSleep	;wreg free
   174  01FFBC  EFDA  F0FF         	goto	l785
   175  01FFC0  EFFE  F0FF         	goto	start
   176  01FFC4                     __end_of_main:
   177                           	callstack 0
   178                           
   179 ;; *************** function _UserAppRun *****************
   180 ;; Defined at:
   181 ;;		line 95 in file "user_app.c"
   182 ;; Parameters:    Size  Location     Type
   183 ;;		None
   184 ;; Auto vars:     Size  Location     Type
   185 ;;		None
   186 ;; Return value:  Size  Location     Type
   187 ;;                  1    wreg      void 
   188 ;; Registers used:
   189 ;;		wreg, status,2, status,0
   190 ;; Tracked objects:
   191 ;;		On entry : 0/0
   192 ;;		On exit  : 0/0
   193 ;;		Unchanged: 0/0
   194 ;; Data sizes:     COMRAM   BANK5   BANK6   BANK7   BANK8   BANK9  BANK10  BANK11  BANK12  BANK13  BANK14  BANK15  BANK1
      +6  BANK17  BANK18  BANK19  BANK20  BANK21  BANK22  BANK23  BANK24  BANK25  BANK26  BANK27  BANK28  BANK29  BANK30  BANK3
      +1  BANK32  BANK33  BANK34  BANK35  BANK36  BANK37
   195 ;;      Params:         0       0       0       0       0       0       0       0       0       0       0       0       
      +0       0       0       0       0       0       0       0       0       0       0       0       0       0       0       
      +0       0       0       0       0       0       0
   196 ;;      Locals:         0       0       0       0       0       0       0       0       0       0       0       0       
      +0       0       0       0       0       0       0       0       0       0       0       0       0       0       0       
      +0       0       0       0       0       0       0
   197 ;;      Temps:          0       0       0       0       0       0       0       0       0       0       0       0       
      +0       0       0       0       0       0       0       0       0       0       0       0       0       0       0       
      +0       0       0       0       0       0       0
   198 ;;      Totals:         0       0       0       0       0       0       0       0       0       0       0       0       
      +0       0       0       0       0       0       0       0       0       0       0       0       0       0       0       
      +0       0       0       0       0       0       0
   199 ;;Total ram usage:        0 bytes
   200 ;; Hardware stack levels used:    1
   201 ;; This function calls:
   202 ;;		Nothing
   203 ;; This function is called by:
   204 ;;		_main
   205 ;; This function uses a non-reentrant model
   206 ;;
   207                           
   208                           	psect	text1
   209  01FFC4                     __ptext1:
   210                           	callstack 0
   211  01FFC4                     _UserAppRun:
   212                           	callstack 127
   213  01FFC4                     
   214                           ;user_app.c: 97:     static u32 u32counter=0;;user_app.c: 98:     if(PORTB == 0x30)
   215  01FFC4  0E30               	movlw	48
   216  01FFC6  18CF               	xorwf	207,w,c	;volatile
   217  01FFC8  A4D8               	btfss	status,2,c
   218  01FFCA  EFE9  F0FF         	goto	u11
   219  01FFCE  EFEB  F0FF         	goto	u10
   220  01FFD2                     u11:
   221  01FFD2  EFFD  F0FF         	goto	l73
   222  01FFD6                     u10:
   223  01FFD6                     
   224                           ;user_app.c: 99:     {;user_app.c: 100:         u32counter++;
   225  01FFD6  0E01               	movlw	1
   226  01FFD8  2601               	addwf	UserAppRun@u32counter^(0+1280),f,c
   227  01FFDA  0E00               	movlw	0
   228  01FFDC  2202               	addwfc	(UserAppRun@u32counter+1)^(0+1280),f,c
   229  01FFDE  2203               	addwfc	(UserAppRun@u32counter+2)^(0+1280),f,c
   230  01FFE0  2204               	addwfc	(UserAppRun@u32counter+3)^(0+1280),f,c
   231                           
   232                           ;user_app.c: 101:         LATA=u32counter|0x80;
   233  01FFE2  5001               	movf	UserAppRun@u32counter^(0+1280),w,c
   234  01FFE4  0980               	iorlw	128
   235  01FFE6  6EBE               	movwf	190,c	;volatile
   236  01FFE8                     l69:
   237                           
   238                           ;user_app.c: 103:         {;user_app.c: 104:             if(PORTB==0x10)
   239  01FFE8  0E10               	movlw	16
   240  01FFEA  18CF               	xorwf	207,w,c	;volatile
   241  01FFEC  A4D8               	btfss	status,2,c
   242  01FFEE  EFFB  F0FF         	goto	u21
   243  01FFF2  EFFD  F0FF         	goto	u20
   244  01FFF6                     u21:
   245  01FFF6  EFF4  F0FF         	goto	l69
   246  01FFFA                     u20:
   247  01FFFA                     l73:
   248  01FFFA  0012               	return		;funcret
   249  01FFFC                     __end_of_UserAppRun:
   250                           	callstack 0
   251                           
   252 ;; *************** function _UserAppInitialize *****************
   253 ;; Defined at:
   254 ;;		line 76 in file "user_app.c"
   255 ;; Parameters:    Size  Location     Type
   256 ;;		None
   257 ;; Auto vars:     Size  Location     Type
   258 ;;		None
   259 ;; Return value:  Size  Location     Type
   260 ;;                  1    wreg      void 
   261 ;; Registers used:
   262 ;;		None
   263 ;; Tracked objects:
   264 ;;		On entry : 0/0
   265 ;;		On exit  : 0/0
   266 ;;		Unchanged: 0/0
   267 ;; Data sizes:     COMRAM   BANK5   BANK6   BANK7   BANK8   BANK9  BANK10  BANK11  BANK12  BANK13  BANK14  BANK15  BANK1
      +6  BANK17  BANK18  BANK19  BANK20  BANK21  BANK22  BANK23  BANK24  BANK25  BANK26  BANK27  BANK28  BANK29  BANK30  BANK3
      +1  BANK32  BANK33  BANK34  BANK35  BANK36  BANK37
   268 ;;      Params:         0       0       0       0       0       0       0       0       0       0       0       0       
      +0       0       0       0       0       0       0       0       0       0       0       0       0       0       0       
      +0       0       0       0       0       0       0
   269 ;;      Locals:         0       0       0       0       0       0       0       0       0       0       0       0       
      +0       0       0       0       0       0       0       0       0       0       0       0       0       0       0       
      +0       0       0       0       0       0       0
   270 ;;      Temps:          0       0       0       0       0       0       0       0       0       0       0       0       
      +0       0       0       0       0       0       0       0       0       0       0       0       0       0       0       
      +0       0       0       0       0       0       0
   271 ;;      Totals:         0       0       0       0       0       0       0       0       0       0       0       0       
      +0       0       0       0       0       0       0       0       0       0       0       0       0       0       0       
      +0       0       0       0       0       0       0
   272 ;;Total ram usage:        0 bytes
   273 ;; Hardware stack levels used:    1
   274 ;; This function calls:
   275 ;;		Nothing
   276 ;; This function is called by:
   277 ;;		_main
   278 ;; This function uses a non-reentrant model
   279 ;;
   280                           
   281                           	psect	text2
   282  01FF50                     __ptext2:
   283                           	callstack 0
   284  01FF50                     _UserAppInitialize:
   285                           	callstack 127
   286  01FF50  0012               	return		;funcret
   287  01FF52                     __end_of_UserAppInitialize:
   288                           	callstack 0
   289                           
   290 ;; *************** function _SystemSleep *****************
   291 ;; Defined at:
   292 ;;		line 136 in file "encm369_pic18.c"
   293 ;; Parameters:    Size  Location     Type
   294 ;;		None
   295 ;; Auto vars:     Size  Location     Type
   296 ;;		None
   297 ;; Return value:  Size  Location     Type
   298 ;;                  1    wreg      void 
   299 ;; Registers used:
   300 ;;		None
   301 ;; Tracked objects:
   302 ;;		On entry : 0/0
   303 ;;		On exit  : 0/0
   304 ;;		Unchanged: 0/0
   305 ;; Data sizes:     COMRAM   BANK5   BANK6   BANK7   BANK8   BANK9  BANK10  BANK11  BANK12  BANK13  BANK14  BANK15  BANK1
      +6  BANK17  BANK18  BANK19  BANK20  BANK21  BANK22  BANK23  BANK24  BANK25  BANK26  BANK27  BANK28  BANK29  BANK30  BANK3
      +1  BANK32  BANK33  BANK34  BANK35  BANK36  BANK37
   306 ;;      Params:         0       0       0       0       0       0       0       0       0       0       0       0       
      +0       0       0       0       0       0       0       0       0       0       0       0       0       0       0       
      +0       0       0       0       0       0       0
   307 ;;      Locals:         0       0       0       0       0       0       0       0       0       0       0       0       
      +0       0       0       0       0       0       0       0       0       0       0       0       0       0       0       
      +0       0       0       0       0       0       0
   308 ;;      Temps:          0       0       0       0       0       0       0       0       0       0       0       0       
      +0       0       0       0       0       0       0       0       0       0       0       0       0       0       0       
      +0       0       0       0       0       0       0
   309 ;;      Totals:         0       0       0       0       0       0       0       0       0       0       0       0       
      +0       0       0       0       0       0       0       0       0       0       0       0       0       0       0       
      +0       0       0       0       0       0       0
   310 ;;Total ram usage:        0 bytes
   311 ;; Hardware stack levels used:    1
   312 ;; This function calls:
   313 ;;		Nothing
   314 ;; This function is called by:
   315 ;;		_main
   316 ;; This function uses a non-reentrant model
   317 ;;
   318                           
   319                           	psect	text3
   320  01FF4E                     __ptext3:
   321                           	callstack 0
   322  01FF4E                     _SystemSleep:
   323                           	callstack 127
   324  01FF4E  0012               	return		;funcret
   325  01FF50                     __end_of_SystemSleep:
   326                           	callstack 0
   327                           
   328 ;; *************** function _SysTickSetup *****************
   329 ;; Defined at:
   330 ;;		line 114 in file "encm369_pic18.c"
   331 ;; Parameters:    Size  Location     Type
   332 ;;		None
   333 ;; Auto vars:     Size  Location     Type
   334 ;;		None
   335 ;; Return value:  Size  Location     Type
   336 ;;                  1    wreg      void 
   337 ;; Registers used:
   338 ;;		wreg, status,2
   339 ;; Tracked objects:
   340 ;;		On entry : 0/0
   341 ;;		On exit  : 0/0
   342 ;;		Unchanged: 0/0
   343 ;; Data sizes:     COMRAM   BANK5   BANK6   BANK7   BANK8   BANK9  BANK10  BANK11  BANK12  BANK13  BANK14  BANK15  BANK1
      +6  BANK17  BANK18  BANK19  BANK20  BANK21  BANK22  BANK23  BANK24  BANK25  BANK26  BANK27  BANK28  BANK29  BANK30  BANK3
      +1  BANK32  BANK33  BANK34  BANK35  BANK36  BANK37
   344 ;;      Params:         0       0       0       0       0       0       0       0       0       0       0       0       
      +0       0       0       0       0       0       0       0       0       0       0       0       0       0       0       
      +0       0       0       0       0       0       0
   345 ;;      Locals:         0       0       0       0       0       0       0       0       0       0       0       0       
      +0       0       0       0       0       0       0       0       0       0       0       0       0       0       0       
      +0       0       0       0       0       0       0
   346 ;;      Temps:          0       0       0       0       0       0       0       0       0       0       0       0       
      +0       0       0       0       0       0       0       0       0       0       0       0       0       0       0       
      +0       0       0       0       0       0       0
   347 ;;      Totals:         0       0       0       0       0       0       0       0       0       0       0       0       
      +0       0       0       0       0       0       0       0       0       0       0       0       0       0       0       
      +0       0       0       0       0       0       0
   348 ;;Total ram usage:        0 bytes
   349 ;; Hardware stack levels used:    1
   350 ;; This function calls:
   351 ;;		Nothing
   352 ;; This function is called by:
   353 ;;		_main
   354 ;; This function uses a non-reentrant model
   355 ;;
   356                           
   357                           	psect	text4
   358  01FF80                     __ptext4:
   359                           	callstack 0
   360  01FF80                     _SysTickSetup:
   361                           	callstack 127
   362  01FF80                     
   363                           ;encm369_pic18.c: 116:   G_u32SystemTime1ms = 0;
   364  01FF80  0E00               	movlw	0
   365  01FF82  6E0D               	movwf	_G_u32SystemTime1ms^(0+1280),c	;volatile
   366  01FF84  0E00               	movlw	0
   367  01FF86  6E0E               	movwf	(_G_u32SystemTime1ms+1)^(0+1280),c	;volatile
   368  01FF88  0E00               	movlw	0
   369  01FF8A  6E0F               	movwf	(_G_u32SystemTime1ms+2)^(0+1280),c	;volatile
   370  01FF8C  0E00               	movlw	0
   371  01FF8E  6E10               	movwf	(_G_u32SystemTime1ms+3)^(0+1280),c	;volatile
   372                           
   373                           ;encm369_pic18.c: 117:   G_u32SystemTime1s = 0;
   374  01FF90  0E00               	movlw	0
   375  01FF92  6E09               	movwf	_G_u32SystemTime1s^(0+1280),c	;volatile
   376  01FF94  0E00               	movlw	0
   377  01FF96  6E0A               	movwf	(_G_u32SystemTime1s+1)^(0+1280),c	;volatile
   378  01FF98  0E00               	movlw	0
   379  01FF9A  6E0B               	movwf	(_G_u32SystemTime1s+2)^(0+1280),c	;volatile
   380  01FF9C  0E00               	movlw	0
   381  01FF9E  6E0C               	movwf	(_G_u32SystemTime1s+3)^(0+1280),c	;volatile
   382  01FFA0  0012               	return		;funcret
   383  01FFA2                     __end_of_SysTickSetup:
   384                           	callstack 0
   385                           
   386 ;; *************** function _GpioSetup *****************
   387 ;; Defined at:
   388 ;;		line 89 in file "encm369_pic18.c"
   389 ;; Parameters:    Size  Location     Type
   390 ;;		None
   391 ;; Auto vars:     Size  Location     Type
   392 ;;		None
   393 ;; Return value:  Size  Location     Type
   394 ;;                  1    wreg      void 
   395 ;; Registers used:
   396 ;;		wreg, status,2
   397 ;; Tracked objects:
   398 ;;		On entry : 0/0
   399 ;;		On exit  : 0/0
   400 ;;		Unchanged: 0/0
   401 ;; Data sizes:     COMRAM   BANK5   BANK6   BANK7   BANK8   BANK9  BANK10  BANK11  BANK12  BANK13  BANK14  BANK15  BANK1
      +6  BANK17  BANK18  BANK19  BANK20  BANK21  BANK22  BANK23  BANK24  BANK25  BANK26  BANK27  BANK28  BANK29  BANK30  BANK3
      +1  BANK32  BANK33  BANK34  BANK35  BANK36  BANK37
   402 ;;      Params:         0       0       0       0       0       0       0       0       0       0       0       0       
      +0       0       0       0       0       0       0       0       0       0       0       0       0       0       0       
      +0       0       0       0       0       0       0
   403 ;;      Locals:         0       0       0       0       0       0       0       0       0       0       0       0       
      +0       0       0       0       0       0       0       0       0       0       0       0       0       0       0       
      +0       0       0       0       0       0       0
   404 ;;      Temps:          0       0       0       0       0       0       0       0       0       0       0       0       
      +0       0       0       0       0       0       0       0       0       0       0       0       0       0       0       
      +0       0       0       0       0       0       0
   405 ;;      Totals:         0       0       0       0       0       0       0       0       0       0       0       0       
      +0       0       0       0       0       0       0       0       0       0       0       0       0       0       0       
      +0       0       0       0       0       0       0
   406 ;;Total ram usage:        0 bytes
   407 ;; Hardware stack levels used:    1
   408 ;; This function calls:
   409 ;;		Nothing
   410 ;; This function is called by:
   411 ;;		_main
   412 ;; This function uses a non-reentrant model
   413 ;;
   414                           
   415                           	psect	text5
   416  01FF64                     __ptext5:
   417                           	callstack 0
   418  01FF64                     _GpioSetup:
   419                           	callstack 127
   420  01FF64                     
   421                           ;encm369_pic18.c: 91:     LATA =0x80;
   422  01FF64  0E80               	movlw	128
   423  01FF66  6EBE               	movwf	190,c	;volatile
   424                           
   425                           ;encm369_pic18.c: 92:     TRISA =0x00;
   426  01FF68  0E00               	movlw	0
   427  01FF6A  6EC6               	movwf	198,c	;volatile
   428                           
   429                           ;encm369_pic18.c: 93:     ANSELA =0X00;
   430  01FF6C  0E00               	movlw	0
   431  01FF6E  0104               	movlb	4	; () banked
   432  01FF70  6F00               	movwf	0,b	;volatile
   433                           
   434                           ;encm369_pic18.c: 95:     TRISB =0X30;
   435  01FF72  0E30               	movlw	48
   436  01FF74  6EC7               	movwf	199,c	;volatile
   437                           
   438                           ;encm369_pic18.c: 96:     ANSELB =0X00;
   439  01FF76  0E00               	movlw	0
   440  01FF78  6F08               	movwf	8,b	;volatile
   441                           
   442                           ;encm369_pic18.c: 97:     PORTB =0X00;
   443  01FF7A  0E00               	movlw	0
   444  01FF7C  6ECF               	movwf	207,c	;volatile
   445  01FF7E                     
   446                           ; BSR set to: 4
   447  01FF7E  0012               	return		;funcret
   448  01FF80                     __end_of_GpioSetup:
   449                           	callstack 0
   450                           
   451 ;; *************** function _ClockSetup *****************
   452 ;; Defined at:
   453 ;;		line 70 in file "encm369_pic18.c"
   454 ;; Parameters:    Size  Location     Type
   455 ;;		None
   456 ;; Auto vars:     Size  Location     Type
   457 ;;		None
   458 ;; Return value:  Size  Location     Type
   459 ;;                  1    wreg      void 
   460 ;; Registers used:
   461 ;;		None
   462 ;; Tracked objects:
   463 ;;		On entry : 0/0
   464 ;;		On exit  : 0/0
   465 ;;		Unchanged: 0/0
   466 ;; Data sizes:     COMRAM   BANK5   BANK6   BANK7   BANK8   BANK9  BANK10  BANK11  BANK12  BANK13  BANK14  BANK15  BANK1
      +6  BANK17  BANK18  BANK19  BANK20  BANK21  BANK22  BANK23  BANK24  BANK25  BANK26  BANK27  BANK28  BANK29  BANK30  BANK3
      +1  BANK32  BANK33  BANK34  BANK35  BANK36  BANK37
   467 ;;      Params:         0       0       0       0       0       0       0       0       0       0       0       0       
      +0       0       0       0       0       0       0       0       0       0       0       0       0       0       0       
      +0       0       0       0       0       0       0
   468 ;;      Locals:         0       0       0       0       0       0       0       0       0       0       0       0       
      +0       0       0       0       0       0       0       0       0       0       0       0       0       0       0       
      +0       0       0       0       0       0       0
   469 ;;      Temps:          0       0       0       0       0       0       0       0       0       0       0       0       
      +0       0       0       0       0       0       0       0       0       0       0       0       0       0       0       
      +0       0       0       0       0       0       0
   470 ;;      Totals:         0       0       0       0       0       0       0       0       0       0       0       0       
      +0       0       0       0       0       0       0       0       0       0       0       0       0       0       0       
      +0       0       0       0       0       0       0
   471 ;;Total ram usage:        0 bytes
   472 ;; Hardware stack levels used:    1
   473 ;; This function calls:
   474 ;;		Nothing
   475 ;; This function is called by:
   476 ;;		_main
   477 ;; This function uses a non-reentrant model
   478 ;;
   479                           
   480                           	psect	text6
   481  01FF4C                     __ptext6:
   482                           	callstack 0
   483  01FF4C                     _ClockSetup:
   484                           	callstack 127
   485  01FF4C  0012               	return		;funcret
   486  01FF4E                     __end_of_ClockSetup:
   487                           	callstack 0
   488  0000                     
   489                           	psect	rparam
   490  0000                     
   491                           	psect	idloc
   492                           
   493                           ;Config register IDLOC0 @ 0x200000
   494                           ;	unspecified, using default values
   495  200000                     	org	2097152
   496  200000  0FFF               	dw	4095
   497                           
   498                           ;Config register IDLOC1 @ 0x200002
   499                           ;	unspecified, using default values
   500  200002                     	org	2097154
   501  200002  0FFF               	dw	4095
   502                           
   503                           ;Config register IDLOC2 @ 0x200004
   504                           ;	unspecified, using default values
   505  200004                     	org	2097156
   506  200004  0FFF               	dw	4095
   507                           
   508                           ;Config register IDLOC3 @ 0x200006
   509                           ;	unspecified, using default values
   510  200006                     	org	2097158
   511  200006  0FFF               	dw	4095
   512                           
   513                           ;Config register IDLOC4 @ 0x200008
   514                           ;	unspecified, using default values
   515  200008                     	org	2097160
   516  200008  0FFF               	dw	4095
   517                           
   518                           ;Config register IDLOC5 @ 0x20000A
   519                           ;	unspecified, using default values
   520  20000A                     	org	2097162
   521  20000A  0FFF               	dw	4095
   522                           
   523                           ;Config register IDLOC6 @ 0x20000C
   524                           ;	unspecified, using default values
   525  20000C                     	org	2097164
   526  20000C  0FFF               	dw	4095
   527                           
   528                           ;Config register IDLOC7 @ 0x20000E
   529                           ;	unspecified, using default values
   530  20000E                     	org	2097166
   531  20000E  0FFF               	dw	4095
   532                           
   533                           ;Config register IDLOC8 @ 0x200010
   534                           ;	unspecified, using default values
   535  200010                     	org	2097168
   536  200010  0FFF               	dw	4095
   537                           
   538                           ;Config register IDLOC9 @ 0x200012
   539                           ;	unspecified, using default values
   540  200012                     	org	2097170
   541  200012  0FFF               	dw	4095
   542                           
   543                           ;Config register IDLOC10 @ 0x200014
   544                           ;	unspecified, using default values
   545  200014                     	org	2097172
   546  200014  0FFF               	dw	4095
   547                           
   548                           ;Config register IDLOC11 @ 0x200016
   549                           ;	unspecified, using default values
   550  200016                     	org	2097174
   551  200016  0FFF               	dw	4095
   552                           
   553                           ;Config register IDLOC12 @ 0x200018
   554                           ;	unspecified, using default values
   555  200018                     	org	2097176
   556  200018  0FFF               	dw	4095
   557                           
   558                           ;Config register IDLOC13 @ 0x20001A
   559                           ;	unspecified, using default values
   560  20001A                     	org	2097178
   561  20001A  0FFF               	dw	4095
   562                           
   563                           ;Config register IDLOC14 @ 0x20001C
   564                           ;	unspecified, using default values
   565  20001C                     	org	2097180
   566  20001C  0FFF               	dw	4095
   567                           
   568                           ;Config register IDLOC15 @ 0x20001E
   569                           ;	unspecified, using default values
   570  20001E                     	org	2097182
   571  20001E  0FFF               	dw	4095
   572                           
   573                           	psect	config
   574                           
   575                           ;Config register CONFIG1 @ 0x300000
   576                           ;	External Oscillator Selection
   577                           ;	FEXTOSC = OFF, Oscillator not enabled
   578                           ;	Reset Oscillator Selection
   579                           ;	RSTOSC = HFINTOSC_64MHZ, HFINTOSC with HFFRQ = 64 MHz and CDIV = 1:1
   580  300000                     	org	3145728
   581  300000  8C                 	db	140
   582                           
   583                           ;Config register CONFIG2 @ 0x300001
   584                           ;	Clock out Enable bit
   585                           ;	CLKOUTEN = ON, CLKOUT function is enabled
   586                           ;	PRLOCKED One-Way Set Enable bit
   587                           ;	PR1WAY = ON, PRLOCKED bit can be cleared and set only once
   588                           ;	Clock Switch Enable bit
   589                           ;	CSWEN = ON, Writing to NOSC and NDIV is allowed
   590                           ;	Fail-Safe Clock Monitor Enable bit
   591                           ;	FCMEN = ON, Fail-Safe Clock Monitor enabled
   592  300001                     	org	3145729
   593  300001  FE                 	db	254
   594                           
   595                           ;Config register CONFIG3 @ 0x300002
   596                           ;	MCLR Enable bit
   597                           ;	MCLRE = EXTMCLR, If LVP = 0, MCLR pin is MCLR; If LVP = 1, RE3 pin function is MCLR
   598                           ;	Power-up timer selection bits
   599                           ;	PWRTS = PWRT_OFF, PWRT is disabled
   600                           ;	Multi-vector enable bit
   601                           ;	MVECEN = ON, Multi-vector enabled, Vector table used for interrupts
   602                           ;	IVTLOCK bit One-way set enable bit
   603                           ;	IVT1WAY = ON, IVTLOCKED bit can be cleared and set only once
   604                           ;	Low Power BOR Enable bit
   605                           ;	LPBOREN = OFF, Low-Power BOR disabled
   606                           ;	Brown-out Reset Enable bits
   607                           ;	BOREN = SBORDIS, Brown-out Reset enabled , SBOREN bit is ignored
   608  300002                     	org	3145730
   609  300002  FF                 	db	255
   610                           
   611                           ;Config register CONFIG4 @ 0x300003
   612                           ;	Brown-out Reset Voltage Selection bits
   613                           ;	BORV = VBOR_2P85, Brown-out Reset Voltage (VBOR) set to 2.8V
   614                           ;	ZCD Disable bit
   615                           ;	ZCD = OFF, ZCD module is disabled. ZCD can be enabled by setting the ZCDSEN bit of ZCD
      +                          CON
   616                           ;	PPSLOCK bit One-Way Set Enable bit
   617                           ;	PPS1WAY = ON, PPSLOCKED bit can be cleared and set only once; PPS registers remain loc
      +                          ked after one clear/set cycle
   618                           ;	Stack Full/Underflow Reset Enable bit
   619                           ;	STVREN = ON, Stack full/underflow will cause Reset
   620                           ;	Low Voltage Programming Enable bit
   621                           ;	LVP = ON, Low voltage programming enabled. MCLR/VPP pin function is MCLR. MCLRE config
      +                          uration bit is ignored
   622                           ;	Extended Instruction Set Enable bit
   623                           ;	XINST = OFF, Extended Instruction Set and Indexed Addressing Mode disabled
   624  300003                     	org	3145731
   625  300003  FC                 	db	252
   626                           
   627                           ;Config register CONFIG5 @ 0x300004
   628                           ;	WDT Period selection bits
   629                           ;	WDTCPS = WDTCPS_31, Divider ratio 1:65536; software control of WDTPS
   630                           ;	WDT operating mode
   631                           ;	WDTE = OFF, WDT Disabled; SWDTEN is ignored
   632  300004                     	org	3145732
   633  300004  9F                 	db	159
   634                           
   635                           ;Config register CONFIG6 @ 0x300005
   636                           ;	WDT Window Select bits
   637                           ;	WDTCWS = WDTCWS_7, window always open (100%); software control; keyed access not requi
      +                          red
   638                           ;	WDT input clock selector
   639                           ;	WDTCCS = SC, Software Control
   640  300005                     	org	3145733
   641  300005  FF                 	db	255
   642                           
   643                           ;Config register CONFIG7 @ 0x300006
   644                           ;	Boot Block Size selection bits
   645                           ;	BBSIZE = BBSIZE_512, Boot Block size is 512 words
   646                           ;	Boot Block enable bit
   647                           ;	BBEN = OFF, Boot block disabled
   648                           ;	Storage Area Flash enable bit
   649                           ;	SAFEN = OFF, SAF disabled
   650                           ;	Background Debugger
   651                           ;	DEBUG = OFF, Background Debugger disabled
   652  300006                     	org	3145734
   653  300006  FF                 	db	255
   654                           
   655                           ;Config register CONFIG8 @ 0x300007
   656                           ;	Boot Block Write Protection bit
   657                           ;	WRTB = OFF, Boot Block not Write protected
   658                           ;	Configuration Register Write Protection bit
   659                           ;	WRTC = OFF, Configuration registers not Write protected
   660                           ;	Data EEPROM Write Protection bit
   661                           ;	WRTD = OFF, Data EEPROM not Write protected
   662                           ;	SAF Write protection bit
   663                           ;	WRTSAF = OFF, SAF not Write Protected
   664                           ;	Application Block write protection bit
   665                           ;	WRTAPP = OFF, Application Block not write protected
   666  300007                     	org	3145735
   667  300007  FF                 	db	255
   668                           
   669                           ; Padding undefined space
   670  300008                     	org	3145736
   671  300008  FF                 	db	255
   672                           
   673                           ;Config register CONFIG10 @ 0x300009
   674                           ;	PFM and Data EEPROM Code Protection bit
   675                           ;	CP = OFF, PFM and Data EEPROM code protection disabled
   676  300009                     	org	3145737
   677  300009  FF                 	db	255
   678                           tosu	equ	0x4FF
   679                           tosh	equ	0x4FE
   680                           tosl	equ	0x4FD
   681                           stkptr	equ	0x4FC
   682                           pclatu	equ	0x4FB
   683                           pclath	equ	0x4FA
   684                           pcl	equ	0x4F9
   685                           tblptru	equ	0x4F8
   686                           tblptrh	equ	0x4F7
   687                           tblptrl	equ	0x4F6
   688                           tablat	equ	0x4F5
   689                           prodh	equ	0x4F4
   690                           prodl	equ	0x4F3
   691                           indf0	equ	0x4EF
   692                           postinc0	equ	0x4EE
   693                           postdec0	equ	0x4ED
   694                           preinc0	equ	0x4EC
   695                           plusw0	equ	0x4EB
   696                           fsr0h	equ	0x4EA
   697                           fsr0l	equ	0x4E9
   698                           wreg	equ	0x4E8
   699                           indf1	equ	0x4E7
   700                           postinc1	equ	0x4E6
   701                           postdec1	equ	0x4E5
   702                           preinc1	equ	0x4E4
   703                           plusw1	equ	0x4E3
   704                           fsr1h	equ	0x4E2
   705                           fsr1l	equ	0x4E1
   706                           bsr	equ	0x4E0
   707                           indf2	equ	0x4DF
   708                           postinc2	equ	0x4DE
   709                           postdec2	equ	0x4DD
   710                           preinc2	equ	0x4DC
   711                           plusw2	equ	0x4DB
   712                           fsr2h	equ	0x4DA
   713                           fsr2l	equ	0x4D9
   714                           status	equ	0x4D8

Data Sizes:
    Strings     0
    Constant    0
    Data        0
    BSS         17
    Persistent  0
    Stack       0

Auto Spaces:
    Space          Size  Autos    Used
    COMRAM           95      0      17
    BANK5           160      0       0
    BANK6           256      0       0
    BANK7           256      0       0
    BANK8           256      0       0
    BANK9           256      0       0
    BANK10          256      0       0
    BANK11          256      0       0
    BANK12          256      0       0
    BANK13          256      0       0
    BANK14          256      0       0
    BANK15          256      0       0
    BANK16          256      0       0
    BANK17          256      0       0
    BANK18          256      0       0
    BANK19          256      0       0
    BANK20          256      0       0
    BANK21          256      0       0
    BANK22          256      0       0
    BANK23          256      0       0
    BANK24          256      0       0
    BANK25          256      0       0
    BANK26          256      0       0
    BANK27          256      0       0
    BANK28          256      0       0
    BANK29          256      0       0
    BANK30          256      0       0
    BANK31          256      0       0
    BANK32          256      0       0
    BANK33          256      0       0
    BANK34          256      0       0
    BANK35          256      0       0
    BANK36          256      0       0
    BANK37          256      0       0

Pointer List with Targets:

    None.

Critical Paths under _main in COMRAM

    None.

Critical Paths under _main in BANK5

    None.

Critical Paths under _main in BANK6

    None.

Critical Paths under _main in BANK7

    None.

Critical Paths under _main in BANK8

    None.

Critical Paths under _main in BANK9

    None.

Critical Paths under _main in BANK10

    None.

Critical Paths under _main in BANK11

    None.

Critical Paths under _main in BANK12

    None.

Critical Paths under _main in BANK13

    None.

Critical Paths under _main in BANK14

    None.

Critical Paths under _main in BANK15

    None.

Critical Paths under _main in BANK16

    None.

Critical Paths under _main in BANK17

    None.

Critical Paths under _main in BANK18

    None.

Critical Paths under _main in BANK19

    None.

Critical Paths under _main in BANK20

    None.

Critical Paths under _main in BANK21

    None.

Critical Paths under _main in BANK22

    None.

Critical Paths under _main in BANK23

    None.

Critical Paths under _main in BANK24

    None.

Critical Paths under _main in BANK25

    None.

Critical Paths under _main in BANK26

    None.

Critical Paths under _main in BANK27

    None.

Critical Paths under _main in BANK28

    None.

Critical Paths under _main in BANK29

    None.

Critical Paths under _main in BANK30

    None.

Critical Paths under _main in BANK31

    None.

Critical Paths under _main in BANK32

    None.

Critical Paths under _main in BANK33

    None.

Critical Paths under _main in BANK34

    None.

Critical Paths under _main in BANK35

    None.

Critical Paths under _main in BANK36

    None.

Critical Paths under _main in BANK37

    None.

Call Graph Tables:

 ---------------------------------------------------------------------------------
 (Depth) Function   	        Calls       Base Space   Used Autos Params    Refs
 ---------------------------------------------------------------------------------
 (0) _main                                                 0     0      0       0
                         _ClockSetup
                          _GpioSetup
                       _SysTickSetup
                        _SystemSleep
                  _UserAppInitialize
                         _UserAppRun
 ---------------------------------------------------------------------------------
 (1) _UserAppRun                                           0     0      0       0
 ---------------------------------------------------------------------------------
 (1) _UserAppInitialize                                    0     0      0       0
 ---------------------------------------------------------------------------------
 (1) _SystemSleep                                          0     0      0       0
 ---------------------------------------------------------------------------------
 (1) _SysTickSetup                                         0     0      0       0
 ---------------------------------------------------------------------------------
 (1) _GpioSetup                                            0     0      0       0
 ---------------------------------------------------------------------------------
 (1) _ClockSetup                                           0     0      0       0
 ---------------------------------------------------------------------------------
 Estimated maximum stack depth 1
 ---------------------------------------------------------------------------------

 Call Graph Graphs:

 _main (ROOT)
   _ClockSetup
   _GpioSetup
   _SysTickSetup
   _SystemSleep
   _UserAppInitialize
   _UserAppRun

 Address spaces:
Name               Size   Autos  Total    Cost      Usage
BIGRAM            20FF      0       0      71        0.0%
EEDATA             400      0       0       0        0.0%
BITBANK37          100      0       0      70        0.0%
BANK37             100      0       0      68        0.0%
BITBANK36          100      0       0      66        0.0%
BANK36             100      0       0      67        0.0%
BITBANK35          100      0       0      64        0.0%
BANK35             100      0       0      65        0.0%
BITBANK34          100      0       0      62        0.0%
BANK34             100      0       0      63        0.0%
BITBANK33          100      0       0      60        0.0%
BANK33             100      0       0      61        0.0%
BITBANK32          100      0       0      58        0.0%
BANK32             100      0       0      59        0.0%
BITBANK31          100      0       0      56        0.0%
BANK31             100      0       0      57        0.0%
BITBANK30          100      0       0      54        0.0%
BANK30             100      0       0      55        0.0%
BITBANK29          100      0       0      52        0.0%
BANK29             100      0       0      53        0.0%
BITBANK28          100      0       0      50        0.0%
BANK28             100      0       0      51        0.0%
BITBANK27          100      0       0      48        0.0%
BANK27             100      0       0      49        0.0%
BITBANK26          100      0       0      46        0.0%
BANK26             100      0       0      47        0.0%
BITBANK25          100      0       0      44        0.0%
BANK25             100      0       0      45        0.0%
BITBANK24          100      0       0      42        0.0%
BANK24             100      0       0      43        0.0%
BITBANK23          100      0       0      40        0.0%
BANK23             100      0       0      41        0.0%
BITBANK22          100      0       0      38        0.0%
BANK22             100      0       0      39        0.0%
BITBANK21          100      0       0      36        0.0%
BANK21             100      0       0      37        0.0%
BITBANK20          100      0       0      34        0.0%
BANK20             100      0       0      35        0.0%
BITBANK19          100      0       0      32        0.0%
BANK19             100      0       0      33        0.0%
BITBANK18          100      0       0      30        0.0%
BANK18             100      0       0      31        0.0%
BITBANK17          100      0       0      28        0.0%
BANK17             100      0       0      29        0.0%
BITBANK16          100      0       0      26        0.0%
BANK16             100      0       0      27        0.0%
BITBANK15          100      0       0      24        0.0%
BANK15             100      0       0      25        0.0%
BITBANK14          100      0       0      22        0.0%
BANK14             100      0       0      23        0.0%
BITBANK13          100      0       0      20        0.0%
BANK13             100      0       0      21        0.0%
BITBANK12          100      0       0      18        0.0%
BANK12             100      0       0      19        0.0%
BITBANK11          100      0       0      16        0.0%
BANK11             100      0       0      17        0.0%
BITBANK10          100      0       0      14        0.0%
BANK10             100      0       0      15        0.0%
BITBANK9           100      0       0      12        0.0%
BANK9              100      0       0      13        0.0%
BITBANK8           100      0       0      10        0.0%
BANK8              100      0       0      11        0.0%
BITBANK7           100      0       0       8        0.0%
BANK7              100      0       0       9        0.0%
BITBANK6           100      0       0       6        0.0%
BANK6              100      0       0       7        0.0%
BITBANK5            A0      0       0       4        0.0%
BANK5               A0      0       0       5        0.0%
BITCOMRAM           5F      0       0       0        0.0%
COMRAM              5F      0      11       1       17.9%
BITSFR_5             0      0       0     200        0.0%
SFR_5                0      0       0     200        0.0%
BITSFR_4             0      0       0     200        0.0%
SFR_4                0      0       0     200        0.0%
BITSFR_3             0      0       0     200        0.0%
SFR_3                0      0       0     200        0.0%
BITSFR_2             0      0       0     200        0.0%
SFR_2                0      0       0     200        0.0%
BITSFR_1             0      0       0     200        0.0%
SFR_1                0      0       0     200        0.0%
BITSFR               0      0       0     200        0.0%
SFR                  0      0       0     200        0.0%
STACK                0      0       0       2        0.0%
NULL                 0      0       0       0        0.0%
ABS                  0      0      11      69        0.0%
DATA                 0      0      11       3        0.0%
CODE                 0      0       0       0        0.0%


Microchip Technology PIC18 Macro Assembler V2.31 build 20201012212115 
Symbol Table                                                                                   Mon Mar 01 10:00:00 2021

     __size_of_SysTickSetup 0022                          l22 FF7E                          l25 FFA0  
                        l19 FF4C                          l28 FF4E                          l63 FF50  
                        l73 FFFA                          l69 FFE8                          u10 FFD6  
                        u11 FFD2                          u20 FFFA                          u21 FFF6  
                       l753 FFC4                         l755 FFD6                         l749 FF64  
                       l773 FF80                         l781 FFAC                         l783 FFB0  
                       l775 FFA2                         l785 FFB4                         l777 FFA4  
                       l787 FFB8                         l779 FFA8                         wreg 0004E8  
                      _LATA 0004BE                        _main FFA2                _SysTickSetup FF80  
                      start FFFC        __size_of_SystemSleep 0002                ___param_bank 000000  
                _ClockSetup FF4C                       ?_main 0000                       _PORTB 0004CF  
                     _TRISA 0004C6                       _TRISB 0004C7                       status 0004D8  
           __initialization FF52                __end_of_main FFC4                      ??_main 0000  
             __activetblptr 000000                      _ANSELA 000400                      _ANSELB 000408  
        __size_of_GpioSetup 001C                 ?_ClockSetup 0000                      clear_0 FF58  
                _UserAppRun FFC4                  __accesstop 0560     __end_of__initialization FF5E  
             ___rparam_used 000001            _G_u8UserAppFlags 0511              __pcstackCOMRAM 0000  
         __end_of_GpioSetup FF80         __size_of_ClockSetup 0002                 ?_UserAppRun 0000  
             ??_SystemSleep 0000                     __Hparam 0000                     __Lparam 0000  
                   __pcinit FF52                     __ramtop 2600                     __ptext0 FFA2  
                   __ptext1 FFC4                     __ptext2 FF50                     __ptext3 FF4E  
                   __ptext4 FF80                     __ptext5 FF64                     __ptext6 FF4C  
      end_of_initialization FF5E            _G_u32SystemFlags 0505                     postinc0 0004EE  
       __end_of_SystemSleep FF50                ??_ClockSetup 0000         __size_of_UserAppRun 0038  
        __end_of_ClockSetup FF4E        UserAppRun@u32counter 0501                   _GpioSetup FF64  
       start_initialization FF52               ?_SysTickSetup 0000                 _SystemSleep FF4E  
                ?_GpioSetup 0000                 __pbssCOMRAM 0501           _UserAppInitialize FF50  
              ??_UserAppRun 0000          ?_UserAppInitialize 0000              ??_SysTickSetup 0000  
       ??_UserAppInitialize 0000          __end_of_UserAppRun FFFC   __end_of_UserAppInitialize FF52  
               ??_GpioSetup 0000                    __Hrparam 0000                    __Lrparam 0000  
      __end_of_SysTickSetup FFA2  __size_of_UserAppInitialize 0002               __size_of_main 0022  
              ?_SystemSleep 0000          _G_u32SystemTime1ms 050D           _G_u32SystemTime1s 0509  
